<?xml version="1.0" encoding="UTF-8"?>
<!-- Generated by org.testng.reporters.JUnitXMLReporter -->
<testsuite ignored="0" hostname="kavyaRayala" failures="0" tests="3" name="Default test" time="167.548" errors="0" timestamp="2021-05-12T14:14:14 EDT">
  <testcase classname="com.walmart.qa.testcases.WalmartWebPageTest" name="filtrationTest" time="30.326"/>
  <testcase classname="com.walmart.qa.testcases.WalmartWebPageTest" name="PaginationTest" time="0.736"/>
  <testcase classname="com.walmart.qa.testcases.WalmartWebPageTest" name="SortationTest" time="22.845"/>
</testsuite> <!-- Default test -->
